[2026-04-15T12:25:15.927Z] [GAME] [SESSION_CREATED] New game session created | {"sessionId":"83e7dffe-3462-483c-a18c-c51d8fd52ca1","sessionName":"nodejs session","gameMaster":"Fabrice","maxPlayers":10}
[2026-04-15T12:25:43.345Z] [GAME] [PLAYER_JOINED] Player joined session | {"sessionId":"83e7dffe-3462-483c-a18c-c51d8fd52ca1","player":"meeee","totalPlayers":2}
[2026-04-15T12:28:10.197Z] [GAME] [QUESTION_CREATED] Game master created question | {"sessionId":"83e7dffe-3462-483c-a18c-c51d8fd52ca1","gameMaster":"Fabrice","questionLength":51}
[2026-04-15T12:28:31.958Z] [GAME] [PLAYER_JOINED] Player joined session | {"sessionId":"83e7dffe-3462-483c-a18c-c51d8fd52ca1","player":"thirdddddddd","totalPlayers":3}
[2026-04-15T12:29:06.373Z] [GAME] [GAME_MASTER_CHANGED] New master on disconnect | {"sessionId":"83e7dffe-3462-483c-a18c-c51d8fd52ca1","newMaster":"meeee"}
[2026-04-15T12:29:27.859Z] [GAME] [PLAYER_LEFT] Player left session | {"sessionId":"83e7dffe-3462-483c-a18c-c51d8fd52ca1","player":"thirdddddddd","wasGameMaster":false,"remainingPlayers":1}
[2026-04-15T12:29:32.608Z] [GAME] [PLAYER_LEFT] Player left session | {"sessionId":"83e7dffe-3462-483c-a18c-c51d8fd52ca1","player":"meeee","wasGameMaster":true,"remainingPlayers":0}
[2026-04-15T12:29:32.609Z] [GAME] [SESSION_DELETED] Session deleted (no players) | {"sessionId":"83e7dffe-3462-483c-a18c-c51d8fd52ca1"}
[2026-04-15T12:30:05.807Z] [GAME] [SESSION_CREATED] New game session created | {"sessionId":"4a316048-675b-410b-9043-2dcfd0ee928b","sessionName":"Node","gameMaster":"Gamemaster","maxPlayers":10}
[2026-04-15T12:30:10.097Z] [GAME] [PLAYER_JOINED] Player joined session | {"sessionId":"4a316048-675b-410b-9043-2dcfd0ee928b","player":"thirdddddddd","totalPlayers":2}
[2026-04-15T12:30:12.267Z] [GAME] [PLAYER_JOINED] Player joined session | {"sessionId":"4a316048-675b-410b-9043-2dcfd0ee928b","player":"meeee","totalPlayers":3}
[2026-04-15T12:30:53.413Z] [GAME] [QUESTION_CREATED] Game master created question | {"sessionId":"4a316048-675b-410b-9043-2dcfd0ee928b","gameMaster":"Gamemaster","questionLength":57}
[2026-04-15T12:31:01.197Z] [GAME] [GAME_STARTED] Game started in session | {"sessionId":"4a316048-675b-410b-9043-2dcfd0ee928b","gameMaster":"Gamemaster","players":3,"question":"sefjdjhkhsahfjksehfjkefj\na.jefdshb\nb.jehfshdfjk\nc.hdsfbjf"}
[2026-04-15T12:31:40.107Z] [GAME] [GAME_WON] Correct answer guessed | {"sessionId":"4a316048-675b-410b-9043-2dcfd0ee928b","winner":"Gamemaster","newScore":10,"answer":"c.hdsfbjf"}
[2026-04-15T12:31:43.109Z] [GAME] [GAME_ENDED] Game session ended | {"sessionId":"4a316048-675b-410b-9043-2dcfd0ee928b","winner":"Gamemaster","answer":"c.hdsfbjf"}
[2026-04-15T12:32:23.336Z] [GAME] [QUESTION_CREATED] Game master created question | {"sessionId":"4a316048-675b-410b-9043-2dcfd0ee928b","gameMaster":"Gamemaster","questionLength":56}
[2026-04-15T12:32:26.897Z] [GAME] [GAME_STARTED] Game started in session | {"sessionId":"4a316048-675b-410b-9043-2dcfd0ee928b","gameMaster":"Gamemaster","players":3,"question":"kodfjfilsejhfiksje\na.jkdfgjknd\nb.sufgujsdj\nc.sdjhfbshdfj"}
[2026-04-15T12:32:34.274Z] [GAME] [GAME_WON] Correct answer guessed | {"sessionId":"4a316048-675b-410b-9043-2dcfd0ee928b","winner":"thirdddddddd","newScore":10,"answer":"c.sdjhfbshdfj"}
[2026-04-15T12:32:37.276Z] [GAME] [GAME_ENDED] Game session ended | {"sessionId":"4a316048-675b-410b-9043-2dcfd0ee928b","winner":"thirdddddddd","answer":"c.sdjhfbshdfj"}
[2026-04-15T12:39:07.273Z] [GAME] [QUESTION_CREATED] Game master created question | {"sessionId":"4a316048-675b-410b-9043-2dcfd0ee928b","gameMaster":"Gamemaster","questionLength":8}
[2026-04-15T12:39:13.563Z] [GAME] [GAME_STARTED] Game started in session | {"sessionId":"4a316048-675b-410b-9043-2dcfd0ee928b","gameMaster":"Gamemaster","players":3,"question":"jknjbnjb"}
[2026-04-15T12:39:23.033Z] [GAME] [GAME_WON] Correct answer guessed | {"sessionId":"4a316048-675b-410b-9043-2dcfd0ee928b","winner":"thirdddddddd","newScore":20,"answer":"byybu"}
[2026-04-15T12:39:26.035Z] [GAME] [GAME_ENDED] Game session ended | {"sessionId":"4a316048-675b-410b-9043-2dcfd0ee928b","winner":"thirdddddddd","answer":"byybu"}
[2026-04-15T12:40:15.164Z] [GAME] [PLAYER_LEFT] Player left session | {"sessionId":"4a316048-675b-410b-9043-2dcfd0ee928b","player":"Gamemaster","wasGameMaster":true,"remainingPlayers":2}
[2026-04-15T12:40:15.165Z] [GAME] [GAME_MASTER_CHANGED] New game master assigned | {"sessionId":"4a316048-675b-410b-9043-2dcfd0ee928b","newMaster":"thirdddddddd"}
[2026-04-15T12:41:02.563Z] [GAME] [PLAYER_LEFT] Player left session | {"sessionId":"4a316048-675b-410b-9043-2dcfd0ee928b","player":"thirdddddddd","wasGameMaster":true,"remainingPlayers":1}
[2026-04-15T12:41:02.565Z] [GAME] [GAME_MASTER_CHANGED] New game master assigned | {"sessionId":"4a316048-675b-410b-9043-2dcfd0ee928b","newMaster":"meeee"}
[2026-04-15T12:41:13.129Z] [GAME] [SESSION_DELETED] Session deleted on disconnect | {"sessionId":"4a316048-675b-410b-9043-2dcfd0ee928b"}
[2026-04-15T12:56:50.117Z] [GAME] [SESSION_CREATED] New game session created | {"sessionId":"97d66b73-0ed0-4758-ba3e-c08395d4df9b","sessionName":"vghfhgv","gameMaster":"gftgyug","maxPlayers":10}
[2026-04-15T12:56:58.267Z] [GAME] [PLAYER_LEFT] Player left session | {"sessionId":"97d66b73-0ed0-4758-ba3e-c08395d4df9b","player":"gftgyug","wasGameMaster":true,"remainingPlayers":0}
[2026-04-15T12:56:58.269Z] [GAME] [SESSION_DELETED] Session deleted (no players) | {"sessionId":"97d66b73-0ed0-4758-ba3e-c08395d4df9b"}
[2026-04-15T12:59:36.478Z] [GAME] [SESSION_CREATED] New game session created | {"sessionId":"ecad0f8a-6853-4798-b76e-517ac45ebf00","sessionName":"node","gameMaster":"Gamemaster","maxPlayers":10}
[2026-04-15T13:00:25.010Z] [GAME] [PLAYER_JOINED] Player joined session | {"sessionId":"ecad0f8a-6853-4798-b76e-517ac45ebf00","player":"meeeeeee","totalPlayers":2}
[2026-04-15T13:00:26.859Z] [GAME] [PLAYER_JOINED] Player joined session | {"sessionId":"ecad0f8a-6853-4798-b76e-517ac45ebf00","player":"allllllllll","totalPlayers":3}
[2026-04-15T13:00:28.739Z] [GAME] [PLAYER_JOINED] Player joined session | {"sessionId":"ecad0f8a-6853-4798-b76e-517ac45ebf00","player":"noneeeeeeeee","totalPlayers":4}
[2026-04-15T13:02:09.550Z] [GAME] [QUESTIONS_CREATED] Game master created 3 questions | {"sessionId":"ecad0f8a-6853-4798-b76e-517ac45ebf00","gameMaster":"Gamemaster","questionCount":3}
[2026-04-15T13:02:22.039Z] [GAME] [GAME_STARTED] Game started in session | {"sessionId":"ecad0f8a-6853-4798-b76e-517ac45ebf00","gameMaster":"Gamemaster","players":4,"totalQuestions":3}
[2026-04-15T13:02:26.088Z] [GAME] [CORRECT_ANSWER] Correct answer | {"sessionId":"ecad0f8a-6853-4798-b76e-517ac45ebf00","winner":"meeeeeee","newScore":10,"correctAnswer":"dufhusjn"}
[2026-04-15T13:02:28.089Z] [GAME] [NEXT_QUESTION] Moving to next question | {"sessionId":"ecad0f8a-6853-4798-b76e-517ac45ebf00","questionNumber":2,"totalQuestions":3}
[2026-04-15T13:02:30.229Z] [GAME] [CORRECT_ANSWER] Correct answer | {"sessionId":"ecad0f8a-6853-4798-b76e-517ac45ebf00","winner":"allllllllll","newScore":10,"correctAnswer":"uifhusdjknjksd"}
[2026-04-15T13:02:32.235Z] [GAME] [NEXT_QUESTION] Moving to next question | {"sessionId":"ecad0f8a-6853-4798-b76e-517ac45ebf00","questionNumber":3,"totalQuestions":3}
[2026-04-15T13:02:40.339Z] [GAME] [CORRECT_ANSWER] Correct answer | {"sessionId":"ecad0f8a-6853-4798-b76e-517ac45ebf00","winner":"noneeeeeeeee","newScore":10,"correctAnswer":"FISHVC 8EDL"}
[2026-04-15T13:02:42.341Z] [GAME] [ALL_QUESTIONS_ENDED] All questions completed | {"sessionId":"ecad0f8a-6853-4798-b76e-517ac45ebf00","totalQuestions":3}
[2026-04-15T13:11:19.545Z] [GAME] [GAME_MASTER_CHANGED] New master on disconnect | {"sessionId":"ecad0f8a-6853-4798-b76e-517ac45ebf00","newMaster":"meeeeeee"}
[2026-04-15T13:11:28.099Z] [GAME] [PLAYER_LEFT] Player left session | {"sessionId":"ecad0f8a-6853-4798-b76e-517ac45ebf00","player":"meeeeeee","wasGameMaster":true,"remainingPlayers":2}
[2026-04-15T13:11:28.099Z] [GAME] [GAME_MASTER_CHANGED] New game master assigned | {"sessionId":"ecad0f8a-6853-4798-b76e-517ac45ebf00","newMaster":"allllllllll"}
[2026-04-15T13:11:33.620Z] [GAME] [PLAYER_LEFT] Player left session | {"sessionId":"ecad0f8a-6853-4798-b76e-517ac45ebf00","player":"allllllllll","wasGameMaster":true,"remainingPlayers":1}
[2026-04-15T13:11:33.621Z] [GAME] [GAME_MASTER_CHANGED] New game master assigned | {"sessionId":"ecad0f8a-6853-4798-b76e-517ac45ebf00","newMaster":"noneeeeeeeee"}
[2026-04-15T13:11:37.562Z] [GAME] [PLAYER_LEFT] Player left session | {"sessionId":"ecad0f8a-6853-4798-b76e-517ac45ebf00","player":"noneeeeeeeee","wasGameMaster":true,"remainingPlayers":0}
[2026-04-15T13:11:37.563Z] [GAME] [SESSION_DELETED] Session deleted (no players) | {"sessionId":"ecad0f8a-6853-4798-b76e-517ac45ebf00"}
[2026-04-15T13:18:45.534Z] [GAME] [SESSION_CREATED] New game session created | {"sessionId":"05d8a9c9-4634-45d9-899b-4cb03a54a342","sessionName":"node","gameMaster":"Gamemaster","maxPlayers":10}
[2026-04-15T13:19:20.273Z] [GAME] [PLAYER_JOINED] Player joined session | {"sessionId":"05d8a9c9-4634-45d9-899b-4cb03a54a342","player":"youuuuuu","totalPlayers":1}
[2026-04-15T13:19:22.543Z] [GAME] [PLAYER_JOINED] Player joined session | {"sessionId":"05d8a9c9-4634-45d9-899b-4cb03a54a342","player":"themmmmmmm","totalPlayers":2}
[2026-04-15T13:19:24.533Z] [GAME] [PLAYER_JOINED] Player joined session | {"sessionId":"05d8a9c9-4634-45d9-899b-4cb03a54a342","player":"meeeeeeee","totalPlayers":3}
[2026-04-15T13:21:17.241Z] [GAME] [QUESTIONS_CREATED] Game master created 4 questions | {"sessionId":"05d8a9c9-4634-45d9-899b-4cb03a54a342","gameMaster":"Gamemaster","questionCount":4}
[2026-04-15T13:21:22.988Z] [GAME] [GAME_STARTED] Game started in session | {"sessionId":"05d8a9c9-4634-45d9-899b-4cb03a54a342","gameMaster":"Gamemaster","players":3,"totalQuestions":4}
[2026-04-15T13:21:28.023Z] [GAME] [CORRECT_ANSWER] Correct answer | {"sessionId":"05d8a9c9-4634-45d9-899b-4cb03a54a342","winner":"meeeeeeee","newScore":10,"correctAnswer":"jshfinhesdkcn"}
[2026-04-15T13:22:23.049Z] [GAME] [QUESTION_TIMEOUT] Time expired for question | {"sessionId":"05d8a9c9-4634-45d9-899b-4cb03a54a342","questionNumber":1}
[2026-04-15T13:22:26.053Z] [GAME] [NEXT_QUESTION] Moving to next question | {"sessionId":"05d8a9c9-4634-45d9-899b-4cb03a54a342","questionNumber":2,"totalQuestions":4}
[2026-04-15T13:22:33.455Z] [GAME] [CORRECT_ANSWER] Correct answer | {"sessionId":"05d8a9c9-4634-45d9-899b-4cb03a54a342","winner":"meeeeeeee","newScore":20,"correctAnswer":"jkd hiuwfuih"}
[2026-04-15T13:23:26.110Z] [GAME] [QUESTION_TIMEOUT] Time expired for question | {"sessionId":"05d8a9c9-4634-45d9-899b-4cb03a54a342","questionNumber":2}
[2026-04-15T13:23:29.114Z] [GAME] [NEXT_QUESTION] Moving to next question | {"sessionId":"05d8a9c9-4634-45d9-899b-4cb03a54a342","questionNumber":3,"totalQuestions":4}
[2026-04-15T13:24:29.176Z] [GAME] [QUESTION_TIMEOUT] Time expired for question | {"sessionId":"05d8a9c9-4634-45d9-899b-4cb03a54a342","questionNumber":3}
[2026-04-15T13:24:32.180Z] [GAME] [NEXT_QUESTION] Moving to next question | {"sessionId":"05d8a9c9-4634-45d9-899b-4cb03a54a342","questionNumber":4,"totalQuestions":4}
[2026-04-15T13:25:32.240Z] [GAME] [QUESTION_TIMEOUT] Time expired for question | {"sessionId":"05d8a9c9-4634-45d9-899b-4cb03a54a342","questionNumber":4}
[2026-04-15T13:25:35.244Z] [GAME] [ALL_QUESTIONS_ENDED] All questions completed | {"sessionId":"05d8a9c9-4634-45d9-899b-4cb03a54a342","totalQuestions":4}
[2026-04-15T13:51:28.671Z] [GAME] [PLAYER_LEFT] Player left session | {"sessionId":"05d8a9c9-4634-45d9-899b-4cb03a54a342","player":"themmmmmmm","wasGameMaster":false,"remainingPlayers":2}
[2026-04-15T13:51:34.665Z] [GAME] [PLAYER_LEFT] Player left session | {"sessionId":"05d8a9c9-4634-45d9-899b-4cb03a54a342","player":"youuuuuu","wasGameMaster":false,"remainingPlayers":1}
[2026-04-15T13:52:03.050Z] [GAME] [PLAYER_LEFT] Player left session | {"sessionId":"05d8a9c9-4634-45d9-899b-4cb03a54a342","player":"meeeeeeee","wasGameMaster":false,"remainingPlayers":0}
[2026-04-15T13:52:03.050Z] [GAME] [SESSION_DELETED] Session deleted (last player left) | {"sessionId":"05d8a9c9-4634-45d9-899b-4cb03a54a342"}
[2026-04-15T13:53:54.720Z] [GAME] [SESSION_CREATED] New game session created | {"sessionId":"c80b33ac-afe7-41d5-9a5e-f4b8170da048","sessionName":"node","gameMaster":"vhbjcs","maxPlayers":10}
[2026-04-15T13:54:03.113Z] [GAME] [SESSION_DELETED] Session deleted on disconnect | {"sessionId":"c80b33ac-afe7-41d5-9a5e-f4b8170da048"}
